<?xml version="1.0" encoding="UTF-8"?>
<testsuite name="Test"
           tests="5"
           failures="0"
           errors="0"
           skipped="0"
           time="17.970">
  <properties />
  
  
            <testcase name="customerShouldWithdrawMoneySuccessfully" time="4.383" classname="com.bank.testsuite.BankTest" />
                <testcase name="customerShouldLoginAndLogoutSuccessfully" time="4.232" classname="com.bank.testsuite.BankTest" />
                <testcase name="bankManagerShouldAddCustomerSuccessfully" time="1.544" classname="com.bank.testsuite.BankTest" />
                <testcase name="customerShouldDepositMoneySuccessfully" time="4.670" classname="com.bank.testsuite.BankTest" />
                <testcase name="bankManagerShouldOpenAccountSuccessfully" time="3.141" classname="com.bank.testsuite.BankTest" />
      
</testsuite>
